<?xml version="1.0" encoding="UTF-8"?>
<testsuite name="com.jojoldu.book.springboot.web.IndexControllerTest" tests="1" skipped="0" failures="0" errors="0" timestamp="2021-02-03T08:26:05" hostname="Dongkyungui-MacBookPro.local" time="0.151">
  <properties/>
  <testcase name="메인페이지_로딩" classname="com.jojoldu.book.springboot.web.IndexControllerTest" time="0.151"/>
  <system-out><![CDATA[2021-02-03 17:26:02.019  INFO 22768 --- [    Test worker] .b.t.c.SpringBootTestContextBootstrapper : Neither @ContextConfiguration nor @ContextHierarchy found for test class [com.jojoldu.book.springboot.web.IndexControllerTest], using SpringBootContextLoader
2021-02-03 17:26:02.020  INFO 22768 --- [    Test worker] o.s.t.c.support.AbstractContextLoader    : Could not detect default resource locations for test class [com.jojoldu.book.springboot.web.IndexControllerTest]: no resource found for suffixes {-context.xml, Context.groovy}.
2021-02-03 17:26:02.020  INFO 22768 --- [    Test worker] t.c.s.AnnotationConfigContextLoaderUtils : Could not detect default configuration classes for test class [com.jojoldu.book.springboot.web.IndexControllerTest]: IndexControllerTest does not declare any static, non-private, non-final, nested classes annotated with @Configuration.
2021-02-03 17:26:02.021  INFO 22768 --- [    Test worker] .b.t.c.SpringBootTestContextBootstrapper : Found @SpringBootConfiguration com.jojoldu.book.springboot.Application for test class com.jojoldu.book.springboot.web.IndexControllerTest
2021-02-03 17:26:02.022  INFO 22768 --- [    Test worker] .b.t.c.SpringBootTestContextBootstrapper : Loaded default TestExecutionListener class names from location [META-INF/spring.factories]: [org.springframework.security.test.context.support.WithSecurityContextTestExecutionListener, org.springframework.security.test.context.support.ReactorContextTestExecutionListener, org.springframework.boot.test.autoconfigure.restdocs.RestDocsTestExecutionListener, org.springframework.boot.test.autoconfigure.web.client.MockRestServiceServerResetTestExecutionListener, org.springframework.boot.test.autoconfigure.web.servlet.MockMvcPrintOnlyOnFailureTestExecutionListener, org.springframework.boot.test.autoconfigure.web.servlet.WebDriverTestExecutionListener, org.springframework.boot.test.mock.mockito.MockitoTestExecutionListener, org.springframework.boot.test.mock.mockito.ResetMocksTestExecutionListener, org.springframework.test.context.web.ServletTestExecutionListener, org.springframework.test.context.support.DirtiesContextBeforeModesTestExecutionListener, org.springframework.test.context.support.DependencyInjectionTestExecutionListener, org.springframework.test.context.support.DirtiesContextTestExecutionListener, org.springframework.test.context.transaction.TransactionalTestExecutionListener, org.springframework.test.context.jdbc.SqlScriptsTestExecutionListener]
2021-02-03 17:26:02.023  INFO 22768 --- [    Test worker] .b.t.c.SpringBootTestContextBootstrapper : Using TestExecutionListeners: [org.springframework.test.context.web.ServletTestExecutionListener@69e067b6, org.springframework.test.context.support.DirtiesContextBeforeModesTestExecutionListener@4596f75c, org.springframework.boot.test.mock.mockito.MockitoTestExecutionListener@6831574d, org.springframework.boot.test.autoconfigure.SpringBootDependencyInjectionTestExecutionListener@14f22ee6, org.springframework.test.context.support.DirtiesContextTestExecutionListener@7e453619, org.springframework.test.context.transaction.TransactionalTestExecutionListener@c1b129a, org.springframework.test.context.jdbc.SqlScriptsTestExecutionListener@6ef2b76b, org.springframework.security.test.context.support.WithSecurityContextTestExecutionListener@6b72314d, org.springframework.security.test.context.support.ReactorContextTestExecutionListener@3c5027c4, org.springframework.boot.test.autoconfigure.restdocs.RestDocsTestExecutionListener@688b6d16, org.springframework.boot.test.autoconfigure.web.client.MockRestServiceServerResetTestExecutionListener@13b9c683, org.springframework.boot.test.autoconfigure.web.servlet.MockMvcPrintOnlyOnFailureTestExecutionListener@693b65e0, org.springframework.boot.test.autoconfigure.web.servlet.WebDriverTestExecutionListener@54e80104, org.springframework.boot.test.mock.mockito.ResetMocksTestExecutionListener@67382552]

  .   ____          _            __ _ _
 /\\ / ___'_ __ _ _(_)_ __  __ _ \ \ \ \
( ( )\___ | '_ | '_| | '_ \/ _` | \ \ \ \
 \\/  ___)| |_)| | | | | || (_| |  ) ) ) )
  '  |____| .__|_| |_|_| |_\__, | / / / /
 =========|_|==============|___/=/_/_/_/
 :: Spring Boot ::        (v2.1.9.RELEASE)

2021-02-03 17:26:02.042  INFO 22768 --- [    Test worker] c.j.b.s.web.IndexControllerTest          : Starting IndexControllerTest on Dongkyungui-MacBookPro.local with PID 22768 (started by dkyang in /Users/dkyang/Documents/git/book/projects/freelec-springboot2-webservice)
2021-02-03 17:26:02.042  INFO 22768 --- [    Test worker] c.j.b.s.web.IndexControllerTest          : No active profile set, falling back to default profiles: default
2021-02-03 17:26:02.303  INFO 22768 --- [    Test worker] .s.d.r.c.RepositoryConfigurationDelegate : Bootstrapping Spring Data repositories in DEFAULT mode.
2021-02-03 17:26:02.351  INFO 22768 --- [    Test worker] .s.d.r.c.RepositoryConfigurationDelegate : Finished Spring Data repository scanning in 43ms. Found 2 repository interfaces.
2021-02-03 17:26:02.554  INFO 22768 --- [    Test worker] trationDelegate$BeanPostProcessorChecker : Bean 'org.springframework.transaction.annotation.ProxyTransactionManagementConfiguration' of type [org.springframework.transaction.annotation.ProxyTransactionManagementConfiguration$$EnhancerBySpringCGLIB$$e926b4c5] is not eligible for getting processed by all BeanPostProcessors (for example: not eligible for auto-proxying)
2021-02-03 17:26:02.827  INFO 22768 --- [    Test worker] o.s.b.w.embedded.tomcat.TomcatWebServer  : Tomcat initialized with port(s): 0 (http)
2021-02-03 17:26:02.853  INFO 22768 --- [    Test worker] o.apache.catalina.core.StandardService   : Starting service [Tomcat]
2021-02-03 17:26:02.853  INFO 22768 --- [    Test worker] org.apache.catalina.core.StandardEngine  : Starting Servlet engine: [Apache Tomcat/9.0.26]
2021-02-03 17:26:02.982  INFO 22768 --- [    Test worker] o.a.c.c.C.[Tomcat].[localhost].[/]       : Initializing Spring embedded WebApplicationContext
2021-02-03 17:26:02.982  INFO 22768 --- [    Test worker] o.s.web.context.ContextLoader            : Root WebApplicationContext: initialization completed in 939 ms
2021-02-03 17:26:03.230  INFO 22768 --- [    Test worker] com.zaxxer.hikari.HikariDataSource       : HikariPool-1 - Starting...
2021-02-03 17:26:03.368  INFO 22768 --- [    Test worker] com.zaxxer.hikari.HikariDataSource       : HikariPool-1 - Start completed.
2021-02-03 17:26:03.450  INFO 22768 --- [    Test worker] o.hibernate.jpa.internal.util.LogHelper  : HHH000204: Processing PersistenceUnitInfo [
	name: default
	...]
2021-02-03 17:26:03.512  INFO 22768 --- [    Test worker] org.hibernate.Version                    : HHH000412: Hibernate Core {5.3.12.Final}
2021-02-03 17:26:03.514  INFO 22768 --- [    Test worker] org.hibernate.cfg.Environment            : HHH000206: hibernate.properties not found
2021-02-03 17:26:03.564  INFO 22768 --- [    Test worker] o.hibernate.annotations.common.Version   : HCANN000001: Hibernate Commons Annotations {5.0.4.Final}
2021-02-03 17:26:03.702  INFO 22768 --- [    Test worker] org.hibernate.dialect.Dialect            : HHH000400: Using dialect: org.hibernate.dialect.MySQL5InnoDBDialect
Hibernate: drop table if exists posts
Hibernate: drop table if exists user
Hibernate: create table posts (id bigint not null auto_increment, created_date datetime, modified_date datetime, author varchar(255), content TEXT not null, title varchar(500) not null, primary key (id)) engine=InnoDB
Hibernate: create table user (id bigint not null auto_increment, created_date datetime, modified_date datetime, email varchar(255) not null, name varchar(255) not null, picture varchar(255), role varchar(255) not null, primary key (id)) engine=InnoDB
2021-02-03 17:26:04.427  INFO 22768 --- [    Test worker] o.h.t.schema.internal.SchemaCreatorImpl  : HHH000476: Executing import script 'org.hibernate.tool.schema.internal.exec.ScriptSourceInputNonExistentImpl@ee5cbda'
2021-02-03 17:26:04.430  INFO 22768 --- [    Test worker] j.LocalContainerEntityManagerFactoryBean : Initialized JPA EntityManagerFactory for persistence unit 'default'
2021-02-03 17:26:04.951  INFO 22768 --- [    Test worker] o.h.h.i.QueryTranslatorFactoryInitiator  : HHH000397: Using ASTQueryTranslatorFactory
2021-02-03 17:26:05.175  INFO 22768 --- [    Test worker] o.s.s.web.DefaultSecurityFilterChain     : Creating filter chain: any request, [org.springframework.security.web.context.request.async.WebAsyncManagerIntegrationFilter@5580de98, org.springframework.security.web.context.SecurityContextPersistenceFilter@12e63c5c, org.springframework.security.web.header.HeaderWriterFilter@93d5db9, org.springframework.security.web.authentication.logout.LogoutFilter@4c15d0e, org.springframework.security.oauth2.client.web.OAuth2AuthorizationRequestRedirectFilter@595f1e77, org.springframework.security.oauth2.client.web.OAuth2LoginAuthenticationFilter@1c79ad5f, org.springframework.security.web.authentication.ui.DefaultLoginPageGeneratingFilter@27669162, org.springframework.security.web.authentication.ui.DefaultLogoutPageGeneratingFilter@1ea61d53, org.springframework.security.web.savedrequest.RequestCacheAwareFilter@76cd66e8, org.springframework.security.web.servletapi.SecurityContextHolderAwareRequestFilter@15fe2d1d, org.springframework.security.web.authentication.AnonymousAuthenticationFilter@4fe4588d, org.springframework.security.web.session.SessionManagementFilter@538c24c4, org.springframework.security.web.access.ExceptionTranslationFilter@4334ff6f, org.springframework.security.web.access.intercept.FilterSecurityInterceptor@67e131ca]
2021-02-03 17:26:05.351  INFO 22768 --- [    Test worker] o.s.s.concurrent.ThreadPoolTaskExecutor  : Initializing ExecutorService 'applicationTaskExecutor'
2021-02-03 17:26:05.370  WARN 22768 --- [    Test worker] aWebConfiguration$JpaWebMvcConfiguration : spring.jpa.open-in-view is enabled by default. Therefore, database queries may be performed during view rendering. Explicitly configure spring.jpa.open-in-view to disable this warning
2021-02-03 17:26:05.411  INFO 22768 --- [    Test worker] o.s.b.a.w.s.WelcomePageHandlerMapping    : Adding welcome page template: index
2021-02-03 17:26:05.703  INFO 22768 --- [    Test worker] s.a.ScheduledAnnotationBeanPostProcessor : No TaskScheduler/ScheduledExecutorService bean found for scheduled processing
2021-02-03 17:26:05.723  INFO 22768 --- [    Test worker] o.s.b.w.embedded.tomcat.TomcatWebServer  : Tomcat started on port(s): 57715 (http) with context path ''
2021-02-03 17:26:05.723  INFO 22768 --- [    Test worker] c.j.b.s.web.IndexControllerTest          : Started IndexControllerTest in 3.699 seconds (JVM running for 6.209)
2021-02-03 17:26:05.793  INFO 22768 --- [o-auto-1-exec-1] o.a.c.c.C.[Tomcat].[localhost].[/]       : Initializing Spring DispatcherServlet 'dispatcherServlet'
2021-02-03 17:26:05.794  INFO 22768 --- [o-auto-1-exec-1] o.s.web.servlet.DispatcherServlet        : Initializing Servlet 'dispatcherServlet'
2021-02-03 17:26:05.804  INFO 22768 --- [o-auto-1-exec-1] o.s.web.servlet.DispatcherServlet        : Completed initialization in 10 ms
Hibernate: select posts0_.id as id1_0_, posts0_.created_date as created_2_0_, posts0_.modified_date as modified3_0_, posts0_.author as author4_0_, posts0_.content as content5_0_, posts0_.title as title6_0_ from posts posts0_ order by posts0_.id DESC
]]></system-out>
  <system-err><![CDATA[]]></system-err>
</testsuite>
