<?xml version="1.0" encoding="UTF-8"?>
<testsuite name="com.jojoldu.book.springboot.web.dto.HelloResponseDtoTest" tests="1" skipped="0" failures="0" errors="0" timestamp="2021-02-03T08:26:01" hostname="Dongkyungui-MacBookPro.local" time="0.031">
  <properties/>
  <testcase name="Lombok_function_Test" classname="com.jojoldu.book.springboot.web.dto.HelloResponseDtoTest" time="0.031"/>
  <system-out><![CDATA[]]></system-out>
  <system-err><![CDATA[]]></system-err>
</testsuite>
