<?xml version="1.0" encoding="UTF-8"?>
<testsuite name="com.jojoldu.book.springboot.web.dto.HelloResponseDtoTest" tests="1" skipped="0" failures="0" errors="0" timestamp="2021-02-02T16:30:33" hostname="Dongkyungui-MacBookPro.local" time="0.032">
  <properties/>
  <testcase name="Lombok_function_Test" classname="com.jojoldu.book.springboot.web.dto.HelloResponseDtoTest" time="0.032"/>
  <system-out><![CDATA[]]></system-out>
  <system-err><![CDATA[]]></system-err>
</testsuite>
